# JRE version: Java(TM) SE Runtime Environment (8.0_131-b11) (build 1.8.0_131-b11)
# Java VM: Java HotSpot(TM) 64-Bit Server VM (25.131-b11 mixed mode linux-amd64 compressed oops)
Heap:
 PSYoungGen      total 202240K, used 2048K [0x00000000eab00000, 0x00000000f7700000, 0x0000000100000000)
  eden space 196096K, 0% used [0x00000000eab00000,0x00000000eab00000,0x00000000f6a80000)
  from space 6144K, 33% used [0x00000000f6a80000,0x00000000f6c80000,0x00000000f7080000)
  to   space 5632K, 0% used [0x00000000f7080000,0x00000000f7080000,0x00000000f7600000)
 ParOldGen       total 32768K, used 9109K [0x00000000c0000000, 0x00000000c2000000, 0x00000000eab00000)
  object space 32768K, 27% used [0x00000000c0000000,0x00000000c08e5400,0x00000000c2000000)
 Metaspace       used 6024K, capacity 6256K, committed 6528K, reserved 1056768K
  class space    used 564K, capacity 592K, committed 640K, reserved 1048576K
GC Heap History (10 events):
Event: 0,903 GC heap after
Heap after GC invocations=4 (full 0):
 PSYoungGen      total 51200K, used 2048K [0x00000000eab00000, 0x00000000edf00000, 0x0000000100000000)
  eden space 49152K, 0% used [0x00000000eab00000,0x00000000eab00000,0x00000000edb00000)
  from space 2048K, 100% used [0x00000000edd00000,0x00000000edf00000,0x00000000edf00000)
  to   space 2048K, 0% used [0x00000000edb00000,0x00000000edb00000,0x00000000edd00000)
 ParOldGen       total 32768K, used 6635K [0x00000000c0000000, 0x00000000c2000000, 0x00000000eab00000)
  object space 32768K, 20% used [0x00000000c0000000,0x00000000c067ad98,0x00000000c2000000)
 Metaspace       used 5829K, capacity 6128K, committed 6272K, reserved 1056768K
  class space    used 564K, capacity 592K, committed 640K, reserved 1048576K
}
Event: 1,089 GC heap before
{Heap before GC invocations=5 (full 0):
 PSYoungGen      total 51200K, used 51200K [0x00000000eab00000, 0x00000000edf00000, 0x0000000100000000)
  eden space 49152K, 100% used [0x00000000eab00000,0x00000000edb00000,0x00000000edb00000)
  from space 2048K, 100% used [0x00000000edd00000,0x00000000edf00000,0x00000000edf00000)
  to   space 2048K, 0% used [0x00000000edb00000,0x00000000edb00000,0x00000000edd00000)
 ParOldGen       total 32768K, used 6635K [0x00000000c0000000, 0x00000000c2000000, 0x00000000eab00000)
  object space 32768K, 20% used [0x00000000c0000000,0x00000000c067ad98,0x00000000c2000000)
 Metaspace       used 5919K, capacity 6192K, committed 6272K, reserved 1056768K
  class space    used 564K, capacity 592K, committed 640K, reserved 1048576K
Event: 1,104 GC heap after
Heap after GC invocations=5 (full 0):
 PSYoungGen      total 51200K, used 2048K [0x00000000eab00000, 0x00000000f1700000, 0x0000000100000000)
  eden space 49152K, 0% used [0x00000000eab00000,0x00000000eab00000,0x00000000edb00000)
  from space 2048K, 100% used [0x00000000edb00000,0x00000000edd00000,0x00000000edd00000)
  to   space 6144K, 0% used [0x00000000f1100000,0x00000000f1100000,0x00000000f1700000)
 ParOldGen       total 32768K, used 6883K [0x00000000c0000000, 0x00000000c2000000, 0x00000000eab00000)
  object space 32768K, 21% used [0x00000000c0000000,0x00000000c06b8d98,0x00000000c2000000)
 Metaspace       used 5919K, capacity 6192K, committed 6272K, reserved 1056768K
  class space    used 564K, capacity 592K, committed 640K, reserved 1048576K
}
Event: 1,212 GC heap before
{Heap before GC invocations=6 (full 0):
 PSYoungGen      total 51200K, used 51200K [0x00000000eab00000, 0x00000000f1700000, 0x0000000100000000)
  eden space 49152K, 100% used [0x00000000eab00000,0x00000000edb00000,0x00000000edb00000)
  from space 2048K, 100% used [0x00000000edb00000,0x00000000edd00000,0x00000000edd00000)
  to   space 6144K, 0% used [0x00000000f1100000,0x00000000f1100000,0x00000000f1700000)
 ParOldGen       total 32768K, used 6883K [0x00000000c0000000, 0x00000000c2000000, 0x00000000eab00000)
  object space 32768K, 21% used [0x00000000c0000000,0x00000000c06b8d98,0x00000000c2000000)
 Metaspace       used 5947K, capacity 6256K, committed 6528K, reserved 1056768K
  class space    used 564K, capacity 592K, committed 640K, reserved 1048576K
Event: 1,221 GC heap after
Heap after GC invocations=6 (full 0):
 PSYoungGen      total 104448K, used 2289K [0x00000000eab00000, 0x00000000f1700000, 0x0000000100000000)
  eden space 98304K, 0% used [0x00000000eab00000,0x00000000eab00000,0x00000000f0b00000)
  from space 6144K, 37% used [0x00000000f1100000,0x00000000f133c668,0x00000000f1700000)
  to   space 6144K, 0% used [0x00000000f0b00000,0x00000000f0b00000,0x00000000f1100000)
 ParOldGen       total 32768K, used 6883K [0x00000000c0000000, 0x00000000c2000000, 0x00000000eab00000)
  object space 32768K, 21% used [0x00000000c0000000,0x00000000c06b8d98,0x00000000c2000000)
 Metaspace       used 5947K, capacity 6256K, committed 6528K, reserved 1056768K
  class space    used 564K, capacity 592K, committed 640K, reserved 1048576K
}
Event: 1,355 GC heap before
{Heap before GC invocations=7 (full 0):
 PSYoungGen      total 104448K, used 100593K [0x00000000eab00000, 0x00000000f1700000, 0x0000000100000000)
  eden space 98304K, 100% used [0x00000000eab00000,0x00000000f0b00000,0x00000000f0b00000)
  from space 6144K, 37% used [0x00000000f1100000,0x00000000f133c668,0x00000000f1700000)
  to   space 6144K, 0% used [0x00000000f0b00000,0x00000000f0b00000,0x00000000f1100000)
 ParOldGen       total 32768K, used 6883K [0x00000000c0000000, 0x00000000c2000000, 0x00000000eab00000)
  object space 32768K, 21% used [0x00000000c0000000,0x00000000c06b8d98,0x00000000c2000000)
 Metaspace       used 5985K, capacity 6256K, committed 6528K, reserved 1056768K
  class space    used 564K, capacity 592K, committed 640K, reserved 1048576K
Event: 1,362 GC heap after
Heap after GC invocations=7 (full 0):
 PSYoungGen      total 104448K, used 2080K [0x00000000eab00000, 0x00000000f7600000, 0x0000000100000000)
  eden space 98304K, 0% used [0x00000000eab00000,0x00000000eab00000,0x00000000f0b00000)
  from space 6144K, 33% used [0x00000000f0b00000,0x00000000f0d08000,0x00000000f1100000)
  to   space 5632K, 0% used [0x00000000f7080000,0x00000000f7080000,0x00000000f7600000)
 ParOldGen       total 32768K, used 7573K [0x00000000c0000000, 0x00000000c2000000, 0x00000000eab00000)
  object space 32768K, 23% used [0x00000000c0000000,0x00000000c0765400,0x00000000c2000000)
 Metaspace       used 5985K, capacity 6256K, committed 6528K, reserved 1056768K
  class space    used 564K, capacity 592K, committed 640K, reserved 1048576K
}
Event: 1,443 GC heap before
{Heap before GC invocations=8 (full 0):
 PSYoungGen      total 104448K, used 100384K [0x00000000eab00000, 0x00000000f7600000, 0x0000000100000000)
  eden space 98304K, 100% used [0x00000000eab00000,0x00000000f0b00000,0x00000000f0b00000)
  from space 6144K, 33% used [0x00000000f0b00000,0x00000000f0d08000,0x00000000f1100000)
  to   space 5632K, 0% used [0x00000000f7080000,0x00000000f7080000,0x00000000f7600000)
 ParOldGen       total 32768K, used 7573K [0x00000000c0000000, 0x00000000c2000000, 0x00000000eab00000)
  object space 32768K, 23% used [0x00000000c0000000,0x00000000c0765400,0x00000000c2000000)
 Metaspace       used 6002K, capacity 6256K, committed 6528K, reserved 1056768K
  class space    used 564K, capacity 592K, committed 640K, reserved 1048576K
Event: 1,452 GC heap after
Heap after GC invocations=8 (full 0):
 PSYoungGen      total 201728K, used 1344K [0x00000000eab00000, 0x00000000f7700000, 0x0000000100000000)
  eden space 196096K, 0% used [0x00000000eab00000,0x00000000eab00000,0x00000000f6a80000)
  from space 5632K, 23% used [0x00000000f7080000,0x00000000f71d0000,0x00000000f7600000)
  to   space 6144K, 0% used [0x00000000f6a80000,0x00000000f6a80000,0x00000000f7080000)
 ParOldGen       total 32768K, used 8853K [0x00000000c0000000, 0x00000000c2000000, 0x00000000eab00000)
  object space 32768K, 27% used [0x00000000c0000000,0x00000000c08a5400,0x00000000c2000000)
 Metaspace       used 6002K, capacity 6256K, committed 6528K, reserved 1056768K
  class space    used 564K, capacity 592K, committed 640K, reserved 1048576K
}
Event: 1,800 GC heap before
{Heap before GC invocations=9 (full 0):
 PSYoungGen      total 201728K, used 197440K [0x00000000eab00000, 0x00000000f7700000, 0x0000000100000000)
  eden space 196096K, 100% used [0x00000000eab00000,0x00000000f6a80000,0x00000000f6a80000)
  from space 5632K, 23% used [0x00000000f7080000,0x00000000f71d0000,0x00000000f7600000)
  to   space 6144K, 0% used [0x00000000f6a80000,0x00000000f6a80000,0x00000000f7080000)
 ParOldGen       total 32768K, used 8853K [0x00000000c0000000, 0x00000000c2000000, 0x00000000eab00000)
  object space 32768K, 27% used [0x00000000c0000000,0x00000000c08a5400,0x00000000c2000000)
 Metaspace       used 6024K, capacity 6256K, committed 6528K, reserved 1056768K
  class space    used 564K, capacity 592K, committed 640K, reserved 1048576K

